<?xml version="1.0" encoding="UTF-8"?>
<testsuite xmlns:xsi="http://www.w3.org/2001/XMLSchema-instance" xsi:noNamespaceSchemaLocation="https://maven.apache.org/surefire/maven-surefire-plugin/xsd/surefire-test-report-3.0.xsd" version="3.0" name="com.udemy.chaddarby.spring_boot_unit_testing.DemoUtilsTest" time="2.116" tests="10" errors="0" skipped="0" failures="0">
  <properties>
[...]
</properties>
  <testcase name="test null &amp; not null" classname="com.udemy.chaddarby.spring_boot_unit_testing.DemoUtilsTest" time="0.029">
    <system-out><![CDATA[@BeforeAll executes once before all tests

initialize a DemoUtils instance before each test
running testNullAndNotNull
clean up after each test

]]></system-out>
  </testcase>
  <testcase name="test equals &amp; not equals" classname="com.udemy.chaddarby.spring_boot_unit_testing.DemoUtilsTest" time="0.003">
    <system-out><![CDATA[initialize a DemoUtils instance before each test
running testEqualsAndNotEquals
clean up after each test

]]></system-out>
  </testcase>
  <testcase name="test true or false" classname="com.udemy.chaddarby.spring_boot_unit_testing.DemoUtilsTest" time="0.002">
    <system-out><![CDATA[initialize a DemoUtils instance before each test
clean up after each test

]]></system-out>
  </testcase>
  <testcase name="test if lines match each other" classname="com.udemy.chaddarby.spring_boot_unit_testing.DemoUtilsTest" time="0.003">
    <system-out><![CDATA[initialize a DemoUtils instance before each test
clean up after each test

]]></system-out>
  </testcase>
  <testcase name="test if exception is thrown or not" classname="com.udemy.chaddarby.spring_boot_unit_testing.DemoUtilsTest" time="0.004">
    <system-out><![CDATA[initialize a DemoUtils instance before each test
clean up after each test

]]></system-out>
  </testcase>
  <testcase name="test timeout" classname="com.udemy.chaddarby.spring_boot_unit_testing.DemoUtilsTest" time="2.014">
    <system-out><![CDATA[initialize a DemoUtils instance before each test
I am going to sleep
Sleeping over
clean up after each test

]]></system-out>
  </testcase>
  <testcase name="test if iterables are the same" classname="com.udemy.chaddarby.spring_boot_unit_testing.DemoUtilsTest" time="0.005">
    <system-out><![CDATA[initialize a DemoUtils instance before each test
clean up after each test

]]></system-out>
  </testcase>
  <testcase name="test same &amp; not same" classname="com.udemy.chaddarby.spring_boot_unit_testing.DemoUtilsTest" time="0.004">
    <system-out><![CDATA[initialize a DemoUtils instance before each test
clean up after each test

]]></system-out>
  </testcase>
  <testcase name="test multiplication" classname="com.udemy.chaddarby.spring_boot_unit_testing.DemoUtilsTest" time="0.007">
    <system-out><![CDATA[initialize a DemoUtils instance before each test
running testMultiplication
clean up after each test

]]></system-out>
  </testcase>
  <testcase name="test if arrays are the same" classname="com.udemy.chaddarby.spring_boot_unit_testing.DemoUtilsTest" time="0.004">
    <system-out><![CDATA[initialize a DemoUtils instance before each test
clean up after each test

]]></system-out>
  </testcase>
</testsuite>